frontend/build/app/outputs/mapping/release/seeds.txt
com.vsemenu.vse_menu_app.MainActivity
com.vsemenu.vse_menu_app.MainActivity: MainActivity()
...
io.flutter.embedding.engine.FlutterJNI: io.flutter.embedding.engine.FlutterOverlaySurface createOverlaySurface()
androidx.window.embedding.EmbeddingBackend: void unregisterRule(androidx.window.embedding.EmbeddingRule)
androidx.window.layout.WindowLayoutInfo: java.util.List getDisplayFeatures()
androidx.window.core.Bounds: java.lang.String toString()
androidx.window.embedding.ActivityFilter: int hashCode()
io.flutter.embedding.engine.FlutterJNI: void nativeDispatchPlatformMessage(long,java.lang.String,java.nio.ByteBuffer,int,int)
androidx.window.embedding.ExtensionEmbeddingBackend$SplitListenerWrapper: ExtensionEmbeddingBackend$SplitListenerWrapper(android.app.Activity,java.util.concurrent.Executor,androidx.core.util.Consumer)
androidx.window.embedding.ExtensionEmbeddingBackend: void setSplitRules(java.util.Set)
androidx.window.layout.HardwareFoldingFeature$Type: androidx.window.layout.HardwareFoldingFeature$Type access$getFOLD$cp()
androidx.window.layout.WindowMetricsCalculator$Companion$overrideDecorator$1: java.lang.Object invoke(java.lang.Object)
androidx.window.embedding.SplitRuleParser: java.util.Set parseSplitXml(android.content.Context,int)
io.flutter.embedding.engine.systemchannels.PlatformChannel$SystemUiOverlay: io.flutter.embedding.engine.systemchannels.PlatformChannel$SystemUiOverlay[] values()
io.flutter.embedding.engine.FlutterOverlaySurface: android.view.Surface getSurface()
androidx.window.layout.WindowMetricsCalculatorCompat: WindowMetricsCalculatorCompat()
androidx.core.view.WindowInsetsCompat$Impl: WindowInsetsCompat$Impl(androidx.core.view.WindowInsetsCompat)
io.flutter.view.AccessibilityBridge$StringAttributeType: io.flutter.view.AccessibilityBridge$StringAttributeType[] values()
io.flutter.plugin.editing.ImeSyncDeferringInsetsCallback: io.flutter.plugin.editing.ImeSyncDeferringInsetsCallback$ImeVisibleListener getImeVisibleListener()
androidx.window.embedding.SplitRule$Api30Impl: android.graphics.Rect getBounds(android.view.WindowMetrics)
kotlin.jvm.internal.Lambda: int getArity()
androidx.window.embedding.EmbeddingAdapter: boolean translateIntentPredicates$lambda-8(java.util.Set,android.content.Intent)
io.flutter.embedding.engine.FlutterJNI: java.lang.String getVMServiceUri()
androidx.window.layout.WindowInfoTracker$Companion: void reset()
io.flutter.embedding.engine.FlutterJNI: void dispatchSemanticsAction(int,io.flutter.view.AccessibilityBridge$Action)
kotlin.jvm.internal.FunctionReference: FunctionReference(int,java.lang.Object)
android.support.v4.app.RemoteActionCompatParcelizer: RemoteActionCompatParcelizer()
io.flutter.plugin.editing.ImeSyncDeferringInsetsCallback$AnimationCallback: android.view.WindowInsets onProgress(android.view.WindowInsets,java.util.List)
io.flutter.embedding.android.TransparencyMode: io.flutter.embedding.android.TransparencyMode[] values()
io.flutter.embedding.engine.mutatorsstack.FlutterMutatorsStack: android.graphics.Matrix getFinalMatrix()
androidx.window.embedding.SplitPairRule: java.util.Set getFilters()
androidx.window.embedding.SplitPairFilter: android.content.ComponentName getPrimaryActivityName()
androidx.core.view.WindowInsetsCompat$Impl: androidx.core.graphics.Insets getStableInsets()
androidx.window.layout.WindowInfoTracker$Companion: WindowInfoTracker$Companion()
androidx.window.layout.SidecarWindowBackend: void registerLayoutChangeCallback(android.app.Activity,java.util.concurrent.Executor,androidx.core.util.Consumer)
io.flutter.embedding.engine.systemchannels.PlatformChannel$SoundType: io.flutter.embedding.engine.systemchannels.PlatformChannel$SoundType valueOf(java.lang.String)
androidx.window.embedding.ActivityStack: boolean contains(android.app.Activity)
androidx.window.layout.FoldingFeature: androidx.window.layout.FoldingFeature$Orientation getOrientation()
io.flutter.embedding.engine.FlutterJNI: void unregisterTexture(long)
io.flutter.embedding.android.FlutterActivity: FlutterActivity()
androidx.core.view.WindowInsetsCompat$Impl21: boolean isConsumed()