frontend/build/app/outputs/mapping/release/mapping.txt
# compiler: R8
# compiler_version: 4.0.52
# min_api: 19
# common_typos_disable
# {"id":"com.android.tools.r8.mapping","version":"2.1"}
# pg_map_id: 2793fb5
# pg_map_hash: SHA-256 2793fb52c16770122475db2203756946d99de9c6824a98c06d98a18a622eb4a6
...
io.flutter.embedding.android.FlutterSplashView -> io.flutter.embedding.android.FlutterSplashView:
    io.flutter.embedding.android.SplashScreen splashScreen -> a
    java.lang.String previousCompletedSplashIsolate -> f
    io.flutter.embedding.engine.renderer.FlutterUiDisplayListener flutterUiDisplayListener -> h
    java.lang.Runnable onTransitionComplete -> i
    java.lang.String TAG -> j
    io.flutter.embedding.android.FlutterView flutterView -> b
    android.os.Bundle splashScreenState -> d
    io.flutter.embedding.android.FlutterView$FlutterEngineAttachmentListener flutterEngineAttachmentListener -> g
    android.view.View splashScreenView -> c
    java.lang.String transitioningIsolateId -> e
    io.flutter.embedding.android.FlutterView access$000(io.flutter.embedding.android.FlutterSplashView) -> a
    io.flutter.embedding.android.SplashScreen access$100(io.flutter.embedding.android.FlutterSplashView) -> b
    void access$200(io.flutter.embedding.android.FlutterSplashView) -> c
    android.view.View access$300(io.flutter.embedding.android.FlutterSplashView) -> d
    java.lang.String access$402(io.flutter.embedding.android.FlutterSplashView,java.lang.String) -> e
    java.lang.String access$500(io.flutter.embedding.android.FlutterSplashView) -> f
    void displayFlutterViewWithSplash(io.flutter.embedding.android.FlutterView,io.flutter.embedding.android.SplashScreen) -> g
    boolean hasSplashCompleted() -> h
    boolean isSplashScreenNeededNow() -> i
io.flutter.embedding.android.FlutterSplashView$1 -> io.flutter.embedding.android.FlutterSplashView$a:
    io.flutter.embedding.android.FlutterSplashView this$0 -> a
    void onFlutterEngineAttachedToFlutterView(io.flutter.embedding.engine.FlutterEngine) -> a
    void onFlutterEngineDetachedFromFlutterView() -> b
io.flutter.embedding.android.FlutterSplashView$2 -> io.flutter.embedding.android.FlutterSplashView$b:
    io.flutter.embedding.android.FlutterSplashView this$0 -> a
    void onFlutterUiNoLongerDisplayed() -> b
    void onFlutterUiDisplayed() -> d
io.flutter.embedding.android.FlutterSplashView$3 -> io.flutter.embedding.android.FlutterSplashView$c:
    io.flutter.embedding.android.FlutterSplashView this$0 -> d
io.flutter.embedding.android.FlutterSplashView$SavedState$1 -> io.flutter.embedding.android.FlutterSplashView$SavedState$a:
    io.flutter.embedding.android.FlutterSplashView$SavedState createFromParcel(android.os.Parcel) -> a
    io.flutter.embedding.android.FlutterSplashView$SavedState[] newArray(int) -> b
io.flutter.embedding.android.FlutterSurfaceView -> io.flutter.embedding.android.o:
    io.flutter.embedding.engine.renderer.FlutterRenderer flutterRenderer -> e
    io.flutter.embedding.engine.renderer.FlutterUiDisplayListener flutterUiDisplayListener -> g
    android.view.SurfaceHolder$Callback surfaceCallback -> f
    boolean renderTransparently -> a
    boolean isSurfaceAvailableForRendering -> b
    boolean isPaused -> c
    boolean isAttachedToFlutterRenderer -> d
    void pause() -> a
    void detachFromRenderer() -> b
    void attachToRenderer(io.flutter.embedding.engine.renderer.FlutterRenderer) -> c
    boolean access$002(io.flutter.embedding.android.FlutterSurfaceView,boolean) -> d
    boolean access$100(io.flutter.embedding.android.FlutterSurfaceView) -> e
    void access$200(io.flutter.embedding.android.FlutterSurfaceView) -> f
    void access$300(io.flutter.embedding.android.FlutterSurfaceView,int,int) -> g
    void access$400(io.flutter.embedding.android.FlutterSurfaceView) -> h
    io.flutter.embedding.engine.renderer.FlutterRenderer access$500(io.flutter.embedding.android.FlutterSurfaceView) -> i
    void changeSurfaceSize(int,int) -> j
    void connectSurfaceToRenderer() -> k
    void disconnectSurfaceFromRenderer() -> l
    void init() -> m
io.flutter.embedding.android.FlutterSurfaceView$1 -> io.flutter.embedding.android.o$a:
    io.flutter.embedding.android.FlutterSurfaceView this$0 -> a